/*C11*/SET SCHEMA PUBLIC
DELETE FROM ALUNO WHERE ID='2ea289ef-5ecc-4e1a-98c3-fc2e61ea87a6'
INSERT INTO ALUNO VALUES('2ea289ef-5ecc-4e1a-98c3-fc2e61ea87a6',NULL,1,'deixaobaldopradepos',0,'2021-03-22 22:42:40.988000','Ubaldo',4.0E0,'join.com','20931')
COMMIT
/*C10*/SET SCHEMA PUBLIC
DELETE FROM ALUNO WHERE ID='1381829a-8b86-427d-97c7-ecfdc47416a8'
INSERT INTO ALUNO VALUES('1381829a-8b86-427d-97c7-ecfdc47416a8',NULL,0,'Bobbi',0,'2021-03-22 22:42:41.125000','Hobson',5.0E0,'wdwdwd ','4373')
DELETE FROM ALUNO WHERE ID='647fcbb7-1d04-4d68-b1d4-3a55904a1bd6'
INSERT INTO ALUNO VALUES('647fcbb7-1d04-4d68-b1d4-3a55904a1bd6',NULL,0,'vila dos Alpes',0,'2021-03-22 22:42:41.133000','Patricia',6.0E0,'Disquesim.com','84074070')
COMMIT
/*C11*/INSERT INTO ALUNO VALUES('9ed38d8a-b387-41a3-8a61-e41a65c2875f',NULL,0,'rua doida',0,'2021-03-22 22:43:03.404000','Joseph',3.0E0,'w0ie.cp,','aaaa')
COMMIT
DELETE FROM ALUNO WHERE ID='9ed38d8a-b387-41a3-8a61-e41a65c2875f'
INSERT INTO ALUNO VALUES('9ed38d8a-b387-41a3-8a61-e41a65c2875f',NULL,1,'rua doida',0,'2021-03-22 22:43:14.183000','Joseph',3.0E0,'w0ie.cp,','aaaa')
COMMIT
DELETE FROM ALUNO WHERE ID='1381829a-8b86-427d-97c7-ecfdc47416a8'
INSERT INTO ALUNO VALUES('1381829a-8b86-427d-97c7-ecfdc47416a8',NULL,0,'Bobbi',0,'2021-03-22 22:43:21.177000','Hobson',5.0E0,'wdwdwd ','4373')
DELETE FROM ALUNO WHERE ID='9ed38d8a-b387-41a3-8a61-e41a65c2875f'
INSERT INTO ALUNO VALUES('9ed38d8a-b387-41a3-8a61-e41a65c2875f',NULL,0,'rua doida',0,'2021-03-22 22:43:21.182000','Joseph',3.0E0,'w0ie.cp,','aaaa')
DELETE FROM ALUNO WHERE ID='647fcbb7-1d04-4d68-b1d4-3a55904a1bd6'
INSERT INTO ALUNO VALUES('647fcbb7-1d04-4d68-b1d4-3a55904a1bd6',NULL,0,'vila dos Alpes',0,'2021-03-22 22:43:21.184000','Patricia',6.0E0,'Disquesim.com','84074070')
COMMIT
DELETE FROM ALUNO WHERE ID='647fcbb7-1d04-4d68-b1d4-3a55904a1bd6'
INSERT INTO ALUNO VALUES('647fcbb7-1d04-4d68-b1d4-3a55904a1bd6',NULL,1,'vila dos Alpes',0,'2021-03-22 22:43:26.493000','Patricia',6.0E0,'Disquesim.com','84074070')
COMMIT
DELETE FROM ALUNO WHERE ID='1381829a-8b86-427d-97c7-ecfdc47416a8'
INSERT INTO ALUNO VALUES('1381829a-8b86-427d-97c7-ecfdc47416a8',NULL,0,'Bobbi',0,'2021-03-22 22:43:27.061000','Hobson',5.0E0,'wdwdwd ','4373')
DELETE FROM ALUNO WHERE ID='9ed38d8a-b387-41a3-8a61-e41a65c2875f'
INSERT INTO ALUNO VALUES('9ed38d8a-b387-41a3-8a61-e41a65c2875f',NULL,0,'rua doida',0,'2021-03-22 22:43:27.064000','Joseph',3.0E0,'w0ie.cp,','aaaa')
COMMIT
DELETE FROM ALUNO WHERE ID='9ed38d8a-b387-41a3-8a61-e41a65c2875f'
INSERT INTO ALUNO VALUES('9ed38d8a-b387-41a3-8a61-e41a65c2875f',NULL,1,'rua doida',0,'2021-03-22 22:43:30.376000','Joseph',3.0E0,'w0ie.cp,','aaaa')
COMMIT
DELETE FROM ALUNO WHERE ID='1381829a-8b86-427d-97c7-ecfdc47416a8'
INSERT INTO ALUNO VALUES('1381829a-8b86-427d-97c7-ecfdc47416a8',NULL,0,'Bobbi',0,'2021-03-22 22:43:30.942000','Hobson',5.0E0,'wdwdwd ','4373')
COMMIT
DELETE FROM ALUNO WHERE ID='1381829a-8b86-427d-97c7-ecfdc47416a8'
INSERT INTO ALUNO VALUES('1381829a-8b86-427d-97c7-ecfdc47416a8',NULL,1,'Bobbi',0,'2021-03-22 22:43:38.147000','Hobson',5.0E0,'wdwdwd ','4373')
COMMIT
